
Showing logs for build [32mdhgautam-photosapp-master-f5tzk-1[0m stage [32mfrom-build-pack[0m and container [32mcredential-initializer[0m
{"level":"info","ts":1595293820.921305,"caller":"creds-init/main.go:44","msg":"Credentials initialized."}

Showing logs for build [32mdhgautam-photosapp-master-f5tzk-1[0m stage [32mfrom-build-pack[0m and container [32mworking-dir-initializer[0m

Showing logs for build [32mdhgautam-photosapp-master-f5tzk-1[0m stage [32mfrom-build-pack[0m and container [32mplace-tools[0m

Showing logs for build [32mdhgautam-photosapp-master-f5tzk-1[0m stage [32mfrom-build-pack[0m and container [32mstep-git-source-dhgautam-photosapp-master-f5tzk-hq4wk[0m
{"level":"info","ts":1595293853.204746,"caller":"git/git.go:105","msg":"Successfully cloned https://github.com/********/photosapp.git @ v0.0.9 in path /workspace/source"}
{"level":"warn","ts":1595293853.2050922,"caller":"git/git.go:152","msg":"Unexpected error: creating symlink: symlink /tekton/home/.ssh /root/.ssh: file exists"}
{"level":"info","ts":1595293853.2448742,"caller":"git/git.go:133","msg":"Successfully initialized and updated submodules in path /workspace/source"}

Showing logs for build [32mdhgautam-photosapp-master-f5tzk-1[0m stage [32mfrom-build-pack[0m and container [32mstep-setup-builder-home[0m

Showing logs for build [32mdhgautam-photosapp-master-f5tzk-1[0m stage [32mfrom-build-pack[0m and container [32mstep-git-merge[0m
Using SHAs from PULL_REFS=master:
WARNING: no SHAs to merge, falling back to initial cloned commit

Showing logs for build [32mdhgautam-photosapp-master-f5tzk-1[0m stage [32mfrom-build-pack[0m and container [32mstep-setup-jx-git-credentials[0m
Generated Git credentials file /workspace/xdg_config/git/credentials

Showing logs for build [32mdhgautam-photosapp-master-f5tzk-1[0m stage [32mfrom-build-pack[0m and container [32mstep-build-npmrc[0m
WARNING: failed to find Secret npm-token in namespace **

Showing logs for build [32mdhgautam-photosapp-master-f5tzk-1[0m stage [32mfrom-build-pack[0m and container [32mstep-build-npm-install[0m
npm WARN skiapp@1.0.0 No repository field.
npm WARN skiapp@1.0.0 No license field.
npm WARN optional SKIPPING OPTIONAL DEPENDENCY: fsevents@2.1.3 (node_modules/fsevents):
npm WARN notsup SKIPPING OPTIONAL DEPENDENCY: Unsupported platform for fsevents@2.1.3: wanted {"os":"darwin","arch":"any"} (current: {"os":"linux","arch":"x64"})

added 145 packages from 153 contributors and audited 146 packages in 3.675s
found 1 low severity vulnerability
  run `npm audit fix` to fix them, or `npm audit` for details

Showing logs for build [32mdhgautam-photosapp-master-f5tzk-1[0m stage [32mfrom-build-pack[0m and container [32mstep-build-npm-test[0m

> skiapp@1.0.0 test /workspace/source
> ./node_modules/mocha/bin/mocha tests/ --exit

Server running at http://localhost:8080


  GET Home page
    ✓ Should return a 200 ok response


  1 passing (30ms)


Showing logs for build [32mdhgautam-photosapp-master-f5tzk-1[0m stage [32mfrom-build-pack[0m and container [32mstep-build-container-build[0m
E0721 01:11:02.807022      10 aws_credentials.go:77] while getting AWS credentials NoCredentialProviders: no valid providers in chain. Deprecated.
	For verbose messaging see aws.Config.CredentialsChainVerboseErrors
[36mINFO[0m[0000] Using dockerignore file: /workspace/source/.dockerignore 
[36mINFO[0m[0000] Retrieving image manifest node:9-slim        
E0721 01:11:03.118005      10 metadata.go:154] while reading 'google-dockercfg' metadata: http status code: 404 while fetching url http://metadata.google.internal./computeMetadata/v1/instance/attributes/google-dockercfg
E0721 01:11:03.121811      10 metadata.go:166] while reading 'google-dockercfg-url' metadata: http status code: 404 while fetching url http://metadata.google.internal./computeMetadata/v1/instance/attributes/google-dockercfg-url
[36mINFO[0m[0002] Retrieving image manifest node:9-slim        
[36mINFO[0m[0003] Built cross stage deps: map[]                
[36mINFO[0m[0003] Retrieving image manifest node:9-slim        
[36mINFO[0m[0003] Retrieving image manifest node:9-slim        
[36mINFO[0m[0004] Executing 0 build triggers                   
[36mINFO[0m[0004] cmd: EXPOSE                                  
[36mINFO[0m[0004] Adding exposed port: 8080/tcp                
[36mINFO[0m[0005] Checking for cached layer gcr.io/valued-ceiling-253018/cache:b6b11e2f7605cfc99ac426dc70d0b8dbe56424f971f00db56afaa17da1dec933... 
[36mINFO[0m[0005] No cached layer found for cmd COPY . .       
[36mINFO[0m[0005] Unpacking rootfs as cmd COPY . . requires it. 
[36mINFO[0m[0011] ENV PORT 8080                                
[36mINFO[0m[0011] No files changed in this command, skipping snapshotting. 
[36mINFO[0m[0011] EXPOSE 8080                                  
[36mINFO[0m[0011] cmd: EXPOSE                                  
[36mINFO[0m[0011] Adding exposed port: 8080/tcp                
[36mINFO[0m[0011] No files changed in this command, skipping snapshotting. 
[36mINFO[0m[0011] WORKDIR /usr/src/app                         
[36mINFO[0m[0011] cmd: workdir                                 
[36mINFO[0m[0011] Changed working directory to /usr/src/app    
[36mINFO[0m[0011] Creating directory /usr/src/app              
[36mINFO[0m[0011] Resolving 1 paths                            
[36mINFO[0m[0011] Taking snapshot of files...                  
[36mINFO[0m[0014] COPY . .                                     
[36mINFO[0m[0015] Resolving 3499 paths                         
[36mINFO[0m[0015] Taking snapshot of files...                  
[36mINFO[0m[0016] Pushing layer gcr.io/valued-ceiling-253018/cache:b6b11e2f7605cfc99ac426dc70d0b8dbe56424f971f00db56afaa17da1dec933 to cache now 
[36mINFO[0m[0016] CMD ["npm", "start"]                         
[36mINFO[0m[0016] No files changed in this command, skipping snapshotting. 

Showing logs for build [32mdhgautam-photosapp-master-f5tzk-1[0m stage [32mfrom-build-pack[0m and container [32mstep-build-post-build[0m
no CVE provider running in the current ** namespace so skip adding image to be analysed

Showing logs for build [32mdhgautam-photosapp-master-f5tzk-1[0m stage [32mfrom-build-pack[0m and container [32mstep-promote-changelog[0m
Converted /workspace/source/charts/photosapp to an unshallow repository
Generating change log from git ref 7ce2ae86607c50c980edf303cc27f6b7bf3b9204 => e8b896b28b584a334e3240761c26be4739d79132
WARNING: No release found for ********/photosapp and tag v0.0.9 so creating a new release
Updated the release information at https://github.com/********/photosapp/releases/tag/v0.0.9
generated: /workspace/source/charts/photosapp/templates/release.yaml
Created Release photosapp-0-0-9 resource in namespace **
Updating PipelineActivity ********-photosapp-master-1 with version 0.0.9
Updated PipelineActivities ********-photosapp-master-1 with release notes URL: https://github.com/********/photosapp/releases/tag/v0.0.9

Showing logs for build [32mdhgautam-photosapp-master-f5tzk-1[0m stage [32mfrom-build-pack[0m and container [32mstep-promote-helm-release[0m
WARNING: No $CHART_REPOSITORY defined so using the default value of: http://jenkins-x-chartmuseum:8080
Adding missing Helm repo: storage.googleapis.com https://storage.googleapis.com/chartmuseum.jenkins-x.io
Successfully added Helm repository storage.googleapis.com.
Adding missing Helm repo: jenkins-x-chartmuseum http://jenkins-x-chartmuseum:8080
Successfully added Helm repository jenkins-x-chartmuseum.
WARNING: No $CHART_REPOSITORY defined so using the default value of: http://jenkins-x-chartmuseum:8080
Uploading chart file photosapp-0.0.9.tgz to http://jenkins-x-chartmuseum:8080/api/charts
Received 201 response: {"saved":true}

Showing logs for build [32mdhgautam-photosapp-master-f5tzk-1[0m stage [32mfrom-build-pack[0m and container [32mstep-promote-jx-promote[0m
WARNING: prow based install so skip waiting for the merge of Pull Requests to go green as currently there is an issue with gettingstatuses from the PR, see https://github.com/jenkins-x/**/issues/2410
WARNING: No $CHART_REPOSITORY defined so using the default value of: http://jenkins-x-chartmuseum:8080
Promoting app photosapp version 0.0.9 to namespace **-staging
Created Pull Request: https://github.com/********/environment-**boot-staging/pull/3
Added label updatebot to Pull Request https://github.com/********/environment-**boot-staging/pull/3
Pull Request https://github.com/********/environment-**boot-staging/pull/3 is merged at sha 9343fbe7bf10e91a4b92d6d06e22a7e5d0c3834b
Pull Request merged but we are not waiting for the update pipeline to complete!
WARNING: Could not find the service URL in namespace **-staging for names photosapp, **-photosapp, **-staging-photosapp
